<?xml version="1.0" encoding="UTF-8"?>
<!-- Generated by org.testng.reporters.JUnitXMLReporter -->
<testsuite hostname="DESKTOP-CMBRRMI" ignored="0" name="ChromeTest" tests="4" failures="0" timestamp="27 Feb 2019 15:30:05 GMT" time="159.322" errors="0">
  <testcase name="loginTest" time="12.754" classname="FunctionalTestCase.Sprint_1"/>
  <testcase name="recruitmentVacancy" time="19.208" classname="FunctionalTestCase.Sprint_1"/>
  <testcase name="performKPI" time="16.643" classname="FunctionalTestCase.Sprint_1"/>
  <testcase name="performTracker" time="15.988" classname="FunctionalTestCase.Sprint_1"/>
</testsuite> <!-- ChromeTest -->
