<?xml version="1.0" encoding="UTF-8"?>
<!-- Generated by org.testng.reporters.JUnitXMLReporter -->
<testsuite hostname="DESKTOP-CMBRRMI" name="ChromeTest" tests="1" failures="0" timestamp="15 Feb 2019 09:41:30 GMT" time="23.883" errors="0">
  <testcase name="@AfterMethod testResult" time="0.0" classname="FunctionalTestCase.LoginTestCase">
    <failure type="java.lang.NullPointerException">
      <![CDATA[java.lang.NullPointerException
	at Utilities.BaseClass.testResult(BaseClass.java:77)
... Removed 26 stack frames]]>
    </failure>
  </testcase> <!-- @AfterMethod testResult -->
  <testcase name="loginTest" time="9.066" classname="FunctionalTestCase.LoginTestCase"/>
</testsuite> <!-- ChromeTest -->
