<?xml version="1.0" encoding="UTF-8"?>
<!-- Generated by org.testng.reporters.JUnitXMLReporter -->
<testsuite hostname="DESKTOP-CMBRRMI" ignored="6" name="FirefoxTest" tests="4" failures="0" timestamp="24 Feb 2019 09:03:41 GMT" time="0.023" errors="0">
  <testcase name="@BeforeMethod setUp" time="0.015" classname="Utilities.BaseClass">
    <failure type="java.lang.IllegalStateException" message="The path to the driver executable must be set by the webdriver.gecko.driver system property; for more information, see https://github.com/mozilla/geckodriver. The latest version can be downloaded from https://github.com/mozilla/geckodriver/releases">
      <![CDATA[java.lang.IllegalStateException: The path to the driver executable must be set by the webdriver.gecko.driver system property; for more information, see https://github.com/mozilla/geckodriver. The latest version can be downloaded from https://github.com/mozilla/geckodriver/releases
	at com.google.common.base.Preconditions.checkState(Preconditions.java:847)
	at org.openqa.selenium.remote.service.DriverService.findExecutable(DriverService.java:134)
	at org.openqa.selenium.firefox.GeckoDriverService.access$100(GeckoDriverService.java:44)
	at org.openqa.selenium.firefox.GeckoDriverService$Builder.findDefaultExecutable(GeckoDriverService.java:167)
	at org.openqa.selenium.remote.service.DriverService$Builder.build(DriverService.java:355)
	at org.openqa.selenium.firefox.FirefoxDriver.toExecutor(FirefoxDriver.java:190)
	at org.openqa.selenium.firefox.FirefoxDriver.<init>(FirefoxDriver.java:147)
	at Utilities.BaseClass.setUp(BaseClass.java:105)
... Removed 26 stack frames]]>
    </failure>
  </testcase> <!-- @BeforeMethod setUp -->
  <testcase name="@AfterMethod closeBrowser" time="0.0" classname="Utilities.BaseClass">
    <skipped/>
  </testcase> <!-- @AfterMethod closeBrowser -->
  <testcase name="@AfterMethod testResult" time="0.0" classname="Utilities.BaseClass">
    <skipped/>
  </testcase> <!-- @AfterMethod testResult -->
  <testcase name="@BeforeMethod setUp" time="0.0" classname="Utilities.BaseClass">
    <skipped/>
  </testcase> <!-- @BeforeMethod setUp -->
  <testcase name="@AfterMethod closeBrowser" time="0.0" classname="Utilities.BaseClass">
    <skipped/>
  </testcase> <!-- @AfterMethod closeBrowser -->
  <testcase name="@AfterMethod testResult" time="0.0" classname="Utilities.BaseClass">
    <skipped/>
  </testcase> <!-- @AfterMethod testResult -->
  <testcase name="@BeforeMethod setUp" time="0.0" classname="Utilities.BaseClass">
    <skipped/>
  </testcase> <!-- @BeforeMethod setUp -->
  <testcase name="@AfterMethod closeBrowser" time="0.0" classname="Utilities.BaseClass">
    <skipped/>
  </testcase> <!-- @AfterMethod closeBrowser -->
  <testcase name="@AfterMethod testResult" time="0.0" classname="Utilities.BaseClass">
    <skipped/>
  </testcase> <!-- @AfterMethod testResult -->
  <testcase name="@BeforeMethod setUp" time="0.0" classname="Utilities.BaseClass">
    <skipped/>
  </testcase> <!-- @BeforeMethod setUp -->
  <testcase name="@AfterMethod closeBrowser" time="0.0" classname="Utilities.BaseClass">
    <skipped/>
  </testcase> <!-- @AfterMethod closeBrowser -->
  <testcase name="@AfterMethod testResult" time="0.0" classname="Utilities.BaseClass">
    <skipped/>
  </testcase> <!-- @AfterMethod testResult -->
  <testcase name="recruitmentVacancy" time="0.0" classname="FunctionalTestCase.VacancyTestCase">
    <skipped/>
  </testcase> <!-- recruitmentVacancy -->
  <testcase name="performKPI" time="0.004" classname="FunctionalTestCase.KPITestCase">
    <skipped/>
  </testcase> <!-- performKPI -->
  <testcase name="performTracker" time="0.0" classname="FunctionalTestCase.TrackerTestCase">
    <skipped/>
  </testcase> <!-- performTracker -->
  <testcase name="loginTest" time="0.0" classname="FunctionalTestCase.LoginTestCase">
    <skipped/>
  </testcase> <!-- loginTest -->
  <testcase name="@AfterSuite closeReport" time="0.0" classname="Utilities.BaseClass">
    <ignored/>
  </testcase> <!-- @AfterSuite closeReport -->
  <testcase name="@AfterSuite closeReport" time="0.0" classname="Utilities.BaseClass">
    <ignored/>
  </testcase> <!-- @AfterSuite closeReport -->
  <testcase name="@AfterSuite closeReport" time="0.0" classname="Utilities.BaseClass">
    <ignored/>
  </testcase> <!-- @AfterSuite closeReport -->
  <testcase name="@BeforeSuite startTest" time="0.0" classname="Utilities.BaseClass">
    <ignored/>
  </testcase> <!-- @BeforeSuite startTest -->
  <testcase name="@BeforeSuite startTest" time="0.0" classname="Utilities.BaseClass">
    <ignored/>
  </testcase> <!-- @BeforeSuite startTest -->
  <testcase name="@BeforeSuite startTest" time="0.0" classname="Utilities.BaseClass">
    <ignored/>
  </testcase> <!-- @BeforeSuite startTest -->
</testsuite> <!-- FirefoxTest -->
